<?xml version="1.0" encoding="UTF-8"?>
<coverage generated="1787241640">
  <project timestamp="1787241640">
    <file name="/home/runner/work/state-transition-rule-guardian/state-transition-rule-guardian/src/StateTransitionRuleGuardian.php">
      <class name="Aegisora\RuleGuardians\StateTransitionRule\StateTransitionRuleGuardian" namespace="global">
        <metrics complexity="2" methods="2" coveredmethods="0" conditionals="0" coveredconditionals="0" statements="2" coveredstatements="0" elements="4" coveredelements="0"/>
      </class>
      <line num="17" type="method" name="__construct" visibility="public" complexity="1" crap="2" count="0"/>
      <line num="20" type="stmt" count="0"/>
      <line num="28" type="method" name="check" visibility="public" complexity="1" crap="2" count="0"/>
      <line num="33" type="stmt" count="0"/>
      <metrics loc="36" ncloc="31" classes="1" methods="2" coveredmethods="0" conditionals="0" coveredconditionals="0" statements="2" coveredstatements="0" elements="4" coveredelements="0"/>
    </file>
    <metrics files="1" loc="36" ncloc="31" classes="1" methods="2" coveredmethods="0" conditionals="0" coveredconditionals="0" statements="2" coveredstatements="0" elements="4" coveredelements="0"/>
  </project>
</coverage>
